#
# There is insufficient memory for the Java Runtime Environment to continue.
# Native memory allocation (malloc) failed to allocate 1048576 bytes for AllocateHeap
# Possible reasons:
#   The system is out of physical RAM or swap space
#   In 32 bit mode, the process size limit was hit
# Possible solutions:
#   Reduce memory load on the system
#   Increase physical memory or swap space
#   Check if swap backing store is full
#   Use 64 bit Java on a 64 bit OS
#   Decrease Java heap size (-Xmx/-Xms)
#   Decrease number of Java threads
#   Decrease Java thread stack sizes (-Xss)
#   Set larger code cache with -XX:ReservedCodeCacheSize=
# This output file may be truncated or incomplete.
#
#  Out of Memory Error (memory/allocation.inline.hpp:61), pid=207964, tid=210564
#
# JRE version:  (8.0_45-b15) (build )
# Java VM: Java HotSpot(TM) 64-Bit Server VM (25.45-b02 mixed mode windows-amd64 compressed oops)
# Failed to write core dump. Minidumps are not enabled by default on client versions of Windows
#

---------------  T H R E A D  ---------------

Current thread (0x0000000002952800):  JavaThread "Unknown thread" [_thread_in_vm, id=210564, stack(0x0000000002850000,0x0000000002950000)]

Stack: [0x0000000002850000,0x0000000002950000]
Native frames: (J=compiled Java code, j=interpreted, Vv=VM code, C=native code)
V  [jvm.dll+0x32b57a]
V  [jvm.dll+0x279873]
V  [jvm.dll+0x27a509]
V  [jvm.dll+0x271825]
V  [jvm.dll+0x1606]
V  [jvm.dll+0x3f7fb2]
V  [jvm.dll+0x3f898f]
V  [jvm.dll+0x3f8a5d]
V  [jvm.dll+0x3f8c26]
V  [jvm.dll+0xf2cf2]
V  [jvm.dll+0x20f0c9]
V  [jvm.dll+0x240e0a]
V  [jvm.dll+0x15ba41]
C  [java.exe+0x216e]
C  [java.exe+0xcce7]
C  [java.exe+0xcd7b]
C  [KERNEL32.DLL+0x12d92]
C  [ntdll.dll+0x9f64]


---------------  P R O C E S S  ---------------

Java Threads: ( => current thread )

Other Threads:

=>0x0000000002952800 (exited) JavaThread "Unknown thread" [_thread_in_vm, id=210564, stack(0x0000000002850000,0x0000000002950000)]

VM state:not at safepoint (normal execution)

VM Mutex/Monitor currently owned by a thread: None

Heap:
 PSYoungGen      total 38400K, used 665K [0x00000000eab00000, 0x00000000ed580000, 0x0000000100000000)
  eden space 33280K, 2% used [0x00000000eab00000,0x00000000eaba6670,0x00000000ecb80000)
  from space 5120K, 0% used [0x00000000ed080000,0x00000000ed080000,0x00000000ed580000)
  to   space 5120K, 0% used [0x00000000ecb80000,0x00000000ecb80000,0x00000000ed080000)
 ParOldGen       total 87552K, used 0K [0x00000000c0000000, 0x00000000c5580000, 0x00000000eab00000)
  object space 87552K, 0% used [0x00000000c0000000,0x00000000c0000000,0x00000000c5580000)
 Metaspace       used 766K, capacity 4480K, committed 4480K, reserved 1056768K
  class space    used 75K, capacity 384K, committed 384K, reserved 1048576K

Card table byte_map: [0x0000000011e10000,0x0000000012020000] byte_map_base: 0x0000000011810000

Marking Bits: (ParMarkBitMap*) 0x00000000609f4040
 Begin Bits: [0x0000000012580000, 0x0000000013580000)
 End Bits:   [0x0000000013580000, 0x0000000014580000)

Polling page: 0x0000000000ee0000

CodeCache: size=245760Kb used=328Kb max_used=328Kb free=245431Kb
 bounds [0x0000000002a50000, 0x0000000002cc0000, 0x0000000011a50000]
 total_blobs=57 nmethods=0 adapters=37
 compilation: enabled

Compilation events (0 events):
No events

GC Heap History (0 events):
No events

Deoptimization events (0 events):
No events

Internal exceptions (0 events):
No events

Events (10 events):
Event: 0.097 loading class java/lang/Short
Event: 0.098 loading class java/lang/Short done
Event: 0.098 loading class java/lang/Integer
Event: 0.098 loading class java/lang/Integer done
Event: 0.098 loading class java/lang/Long
Event: 0.098 loading class java/lang/Long done
Event: 0.100 loading class java/lang/NullPointerException
Event: 0.100 loading class java/lang/NullPointerException done
Event: 0.100 loading class java/lang/ArithmeticException
Event: 0.100 loading class java/lang/ArithmeticException done


Dynamic libraries:
0x00007ff652d60000 - 0x00007ff652d97000 	C:\Program Files\Java\jdk1.8.0_45\bin\java.exe
0x00007ffe5c700000 - 0x00007ffe5c8c1000 	C:\WINDOWS\SYSTEM32\ntdll.dll
0x00007ffe59f20000 - 0x00007ffe59fcd000 	C:\WINDOWS\system32\KERNEL32.DLL
0x00007ffe595c0000 - 0x00007ffe5979d000 	C:\WINDOWS\system32\KERNELBASE.dll
0x00007ffe5a460000 - 0x00007ffe5a506000 	C:\WINDOWS\system32\ADVAPI32.dll
0x00007ffe5a730000 - 0x00007ffe5a7cd000 	C:\WINDOWS\system32\msvcrt.dll
0x00007ffe5a250000 - 0x00007ffe5a2ab000 	C:\WINDOWS\system32\sechost.dll
0x00007ffe59dd0000 - 0x00007ffe59ef6000 	C:\WINDOWS\system32\RPCRT4.dll
0x00007ffe5a5e0000 - 0x00007ffe5a72e000 	C:\WINDOWS\system32\USER32.dll
0x00007ffe5aa60000 - 0x00007ffe5abe6000 	C:\WINDOWS\system32\GDI32.dll
0x00007ffe53220000 - 0x00007ffe53494000 	C:\WINDOWS\WinSxS\amd64_microsoft.windows.common-controls_6595b64144ccf1df_6.0.10240.16384_none_f41f7b285750ef43\COMCTL32.dll
0x00007ffe5a420000 - 0x00007ffe5a456000 	C:\WINDOWS\system32\IMM32.DLL
0x00007ffe5a2c0000 - 0x00007ffe5a41c000 	C:\WINDOWS\system32\MSCTF.dll
0x0000000063b50000 - 0x0000000063c22000 	C:\Program Files\Java\jdk1.8.0_45\jre\bin\msvcr100.dll
0x00000000601f0000 - 0x0000000060a73000 	C:\Program Files\Java\jdk1.8.0_45\jre\bin\server\jvm.dll
0x00007ffe59f10000 - 0x00007ffe59f18000 	C:\WINDOWS\system32\PSAPI.DLL
0x00007ffe4bb70000 - 0x00007ffe4bb79000 	C:\WINDOWS\SYSTEM32\WSOCK32.dll
0x00007ffe571c0000 - 0x00007ffe571e3000 	C:\WINDOWS\SYSTEM32\WINMM.dll
0x00007ffe534d0000 - 0x00007ffe534da000 	C:\WINDOWS\SYSTEM32\VERSION.dll
0x00007ffe5a510000 - 0x00007ffe5a579000 	C:\WINDOWS\system32\WS2_32.dll
0x00007ffe5a2b0000 - 0x00007ffe5a2b8000 	C:\WINDOWS\system32\NSI.dll
0x00007ffe57160000 - 0x00007ffe5718c000 	C:\WINDOWS\SYSTEM32\WINMMBASE.dll
0x00007ffe59400000 - 0x00007ffe59444000 	C:\WINDOWS\system32\cfgmgr32.dll
0x00007ffe57a00000 - 0x00007ffe57a27000 	C:\WINDOWS\SYSTEM32\DEVOBJ.dll
0x0000000063e50000 - 0x0000000063e5f000 	C:\Program Files\Java\jdk1.8.0_45\jre\bin\verify.dll
0x0000000063e20000 - 0x0000000063e49000 	C:\Program Files\Java\jdk1.8.0_45\jre\bin\java.dll
0x0000000063e00000 - 0x0000000063e16000 	C:\Program Files\Java\jdk1.8.0_45\jre\bin\zip.dll
0x00007ffe52fd0000 - 0x00007ffe5315a000 	C:\WINDOWS\SYSTEM32\dbghelp.dll

VM Arguments:
jvm_args: -Xmx1024M -Dfile.encoding=windows-1252 -Duser.country=US -Duser.language=en -Duser.variant 
java_command: com.android.dx.command.Main --dex --num-threads=4 --output C:\Users\Pranay\AndroidStudioProjects\team29\app\build\intermediates\pre-dexed\debug\MPAndroidChart-v2.1.3-fb6583ef1680c46d5438f2440ccd540f4222563a.jar C:\Users\Pranay\.gradle\caches\modules-2\files-2.1\com.github.PhilJay\MPAndroidChart\v2.1.3\3fce86548feba9dd220128fa651498c51d099cd8\MPAndroidChart-v2.1.3.jar
java_class_path (initial): C:\Users\Pranay\AppData\Local\Android\sdk\build-tools\23.0.0_rc2\lib\dx.jar
Launcher Type: SUN_STANDARD

Environment Variables:
PATH=C:\oraclexe\app\oracle\product\11.2.0\server\bin;;C:\Program Files\Java\jdk1.8.0_45\bin;C:\ProgramData\Oracle\Java\javapath;C:\Program Files (x86)\Intel\iCLS Client\;C:\Program Files\Intel\iCLS Client\;C:\Program Files\Dell\DW WLAN Card;C:\Windows\system32;C:\Windows;C:\Windows\System32\Wbem;C:\Windows\System32\WindowsPowerShell\v1.0\;c:\Program Files\WIDCOMM\Bluetooth Software\;c:\Program Files\WIDCOMM\Bluetooth Software\syswow64;C:\Program Files\Intel\Intel(R) Management Engine Components\DAL;C:\Program Files (x86)\Intel\Intel(R) Management Engine Components\DAL;C:\Program Files\Intel\Intel(R) Management Engine Components\IPT;C:\Program Files (x86)\Intel\Intel(R) Management Engine Components\IPT;C:\Program Files (x86)\NVIDIA Corporation\PhysX\Common;C:\Program Files (x86)\Dev-Cpp\MinGW64\bin;C:\Program Files\TortoiseSVN\bin;C:\Users\Pranay\.dnx\bin;C:\Program Files\Microsoft DNX\Dnvm\;C:\Program Files\Microsoft SQL Server\120\Tools\Binn\;C:\WINDOWS\system32;C:\WINDOWS;C:\WINDOWS\System32\Wbem;C:\WINDOWS\Sys
USERNAME=Pranay
OS=Windows_NT
PROCESSOR_IDENTIFIER=Intel64 Family 6 Model 61 Stepping 4, GenuineIntel



---------------  S Y S T E M  ---------------

OS: Windows 10.0 , 64 bit Build 10240 (10.0.10240.16384)

CPU:total 4 (2 cores per cpu, 2 threads per core) family 6 model 61 stepping 4, cmov, cx8, fxsr, mmx, sse, sse2, sse3, ssse3, sse4.1, sse4.2, popcnt, avx, avx2, aes, clmul, erms, 3dnowpref, lzcnt, ht, tsc, tscinvbit, bmi1, bmi2, adx

Memory: 4k page, physical 8297936k(1281368k free), swap 33463760k(5120k free)

vm_info: Java HotSpot(TM) 64-Bit Server VM (25.45-b02) for windows-amd64 JRE (1.8.0_45-b15), built on Apr 30 2015 12:40:44 by "java_re" with MS VC++ 10.0 (VS2010)

time: Sat Sep 12 00:44:56 2015
elapsed time: 0 seconds (0d 0h 0m 0s)

